<?xml version="1.0" encoding="UTF-8" standalone="no"?>
<testsuite failures="1" name="cucumber.runtime.formatter.JUnitFormatter" skipped="0" tests="1" time="23.972119">
<testcase classname="Login FB" name="login To FB Successsfully" time="23.972119">
<failure message="java.lang.NullPointerException&#13;&#10;&#9;at org.openqa.selenium.support.pagefactory.DefaultElementLocator.findElement(DefaultElementLocator.java:69)&#13;&#10;&#9;at org.openqa.selenium.support.pagefactory.internal.LocatingElementHandler.invoke(LocatingElementHandler.java:38)&#13;&#10;&#9;at com.sun.proxy.$Proxy14.click(Unknown Source)&#13;&#10;&#9;at com.qa.stepdefinition.LoginStepDefinition.user_clicks_on_login_button(LoginStepDefinition.java:34)&#13;&#10;&#9;at ✽.Then user clicks on login button(D:/New folder/FBLogingBDD/src/main/java/com/qa/features/Login.feature:7)&#13;&#10;"><![CDATA[Given user launches browser.................................................passed
When user on login page.....................................................passed
Then user clicks on login button............................................failed
Then user enters username and password......................................skipped

StackTrace:
java.lang.NullPointerException
	at org.openqa.selenium.support.pagefactory.DefaultElementLocator.findElement(DefaultElementLocator.java:69)
	at org.openqa.selenium.support.pagefactory.internal.LocatingElementHandler.invoke(LocatingElementHandler.java:38)
	at com.sun.proxy.$Proxy14.click(Unknown Source)
	at com.qa.stepdefinition.LoginStepDefinition.user_clicks_on_login_button(LoginStepDefinition.java:34)
	at ✽.Then user clicks on login button(D:/New folder/FBLogingBDD/src/main/java/com/qa/features/Login.feature:7)
]]></failure>
</testcase>
</testsuite>
