<?xml version="1.0" encoding="UTF-8" standalone="no"?>
<testsuite failures="1" name="cucumber.runtime.formatter.JUnitFormatter" skipped="0" tests="1" time="18.547549">
<testcase classname="Login FB" name="login To FB Successsfully" time="18.547549">
<failure message="java.lang.NullPointerException&#13;&#10;&#9;at com.qa.util.TestBase.loginbuttton(TestBase.java:53)&#13;&#10;&#9;at com.qa.stepdefinition.LoginStepDefinition.user_clicks_on_login_button(LoginStepDefinition.java:34)&#13;&#10;&#9;at ✽.When user click on login btn(D:/New folder/FBLogingBDD/src/main/java/com/qa/features/Login.feature:6)&#13;&#10;"><![CDATA[Given user launches browser.................................................passed
When user click on login btn................................................failed
Then user enters username and password......................................skipped

StackTrace:
java.lang.NullPointerException
	at com.qa.util.TestBase.loginbuttton(TestBase.java:53)
	at com.qa.stepdefinition.LoginStepDefinition.user_clicks_on_login_button(LoginStepDefinition.java:34)
	at ✽.When user click on login btn(D:/New folder/FBLogingBDD/src/main/java/com/qa/features/Login.feature:6)
]]></failure>
</testcase>
</testsuite>
